0 info it worked if it ends with ok
1 verbose cli [ 'node',
1 verbose cli   '/usr/local/bin/npm',
1 verbose cli   'install',
1 verbose cli   'express.session',
1 verbose cli   '--save' ]
2 info using npm@1.4.28
3 info using node@v0.10.33
4 warn package.json NodeChat@1.0.0 No repository field.
5 warn package.json NodeChat@1.0.0 No README data
6 verbose readDependencies using package.json deps
7 verbose cache add [ 'express.session', null ]
8 verbose cache add name=undefined spec="express.session" args=["express.session",null]
9 verbose parsed url { protocol: null,
9 verbose parsed url   slashes: null,
9 verbose parsed url   auth: null,
9 verbose parsed url   host: null,
9 verbose parsed url   port: null,
9 verbose parsed url   hostname: null,
9 verbose parsed url   hash: null,
9 verbose parsed url   search: null,
9 verbose parsed url   query: null,
9 verbose parsed url   pathname: 'express.session',
9 verbose parsed url   path: 'express.session',
9 verbose parsed url   href: 'express.session' }
10 silly lockFile 9dc84bf6-express-session express.session
11 verbose lock express.session /Users/Noman/.npm/9dc84bf6-express-session.lock
12 silly lockFile 9dc84bf6-express-session express.session
13 silly lockFile 9dc84bf6-express-session express.session
14 verbose addNamed [ 'express.session', '' ]
15 verbose addNamed [ null, '*' ]
16 silly lockFile 3c341382-express-session express.session@
17 verbose lock express.session@ /Users/Noman/.npm/3c341382-express-session.lock
18 silly addNameRange { name: 'express.session', range: '*', hasData: false }
19 verbose request where is /express.session
20 verbose request registry https://registry.npmjs.org/
21 verbose request id 68794b100c272565
22 verbose url raw /express.session
23 verbose url resolving [ 'https://registry.npmjs.org/', './express.session' ]
24 verbose url resolved https://registry.npmjs.org/express.session
25 verbose request where is https://registry.npmjs.org/express.session
26 info trying registry request attempt 1 at 21:42:17
27 http GET https://registry.npmjs.org/express.session
28 http 404 https://registry.npmjs.org/express.session
29 verbose headers { date: 'Sun, 15 Feb 2015 15:42:23 GMT',
29 verbose headers   server: 'CouchDB/1.5.0 (Erlang OTP/R16B03)',
29 verbose headers   'content-type': 'application/json',
29 verbose headers   'cache-control': 'max-age=0',
29 verbose headers   'content-length': '52',
29 verbose headers   'accept-ranges': 'bytes',
29 verbose headers   via: '1.1 varnish',
29 verbose headers   age: '0',
29 verbose headers   'x-served-by': 'cache-sn87-SIN',
29 verbose headers   'x-cache': 'MISS',
29 verbose headers   'x-cache-hits': '0',
29 verbose headers   'x-timer': 'S1424014941.631815,VS0,VE1784',
29 verbose headers   'keep-alive': 'timeout=10, max=50',
29 verbose headers   connection: 'Keep-Alive' }
30 silly registry.get cb [ 404,
30 silly registry.get   { date: 'Sun, 15 Feb 2015 15:42:23 GMT',
30 silly registry.get     server: 'CouchDB/1.5.0 (Erlang OTP/R16B03)',
30 silly registry.get     'content-type': 'application/json',
30 silly registry.get     'cache-control': 'max-age=0',
30 silly registry.get     'content-length': '52',
30 silly registry.get     'accept-ranges': 'bytes',
30 silly registry.get     via: '1.1 varnish',
30 silly registry.get     age: '0',
30 silly registry.get     'x-served-by': 'cache-sn87-SIN',
30 silly registry.get     'x-cache': 'MISS',
30 silly registry.get     'x-cache-hits': '0',
30 silly registry.get     'x-timer': 'S1424014941.631815,VS0,VE1784',
30 silly registry.get     'keep-alive': 'timeout=10, max=50',
30 silly registry.get     connection: 'Keep-Alive' } ]
31 silly lockFile 3c341382-express-session express.session@
32 silly lockFile 3c341382-express-session express.session@
33 error 404 404 Not Found: express.session
33 error 404
33 error 404 'express.session' is not in the npm registry.
33 error 404 You should bug the author to publish it
33 error 404 It was specified as a dependency of 'NodeChat'
33 error 404
33 error 404 Note that you can also install from a
33 error 404 tarball, folder, or http url, or git url.
34 error System Darwin 13.0.0
35 error command "node" "/usr/local/bin/npm" "install" "express.session" "--save"
36 error cwd /Users/Noman/Sites/ChatCAT/NodeChat
37 error node -v v0.10.33
38 error npm -v 1.4.28
39 error code E404
40 verbose exit [ 1, true ]
